<?xml version="1.0" encoding="UTF-8"?>
<!-- Generated by org.testng.reporters.JUnitXMLReporter -->
<testsuite hostname="DESKTOP-PB6R7TP" failures="2" tests="2" name="Default test(failed)" time="0.337" errors="0" timestamp="7 Apr 2021 06:31:46 GMT">
  <testcase classname="Mainclass.Main" name="log" time="0.023">
    <failure type="java.lang.NullPointerException" message="Cannot invoke &amp;quot;java.util.Properties.getProperty(String)&amp;quot; because &amp;quot;Mainclass.Main.prop&amp;quot; is null">
      <![CDATA[java.lang.NullPointerException: Cannot invoke "java.util.Properties.getProperty(String)" because "Mainclass.Main.prop" is null
	at Mainclass.Main.log(Main.java:52)
... Removed 24 stack frames]]>
    </failure>
  </testcase> <!-- log -->
  <testcase classname="Mainclass.Main" name="signout" time="0.008">
    <failure type="java.lang.NullPointerException">
      <![CDATA[java.lang.NullPointerException
	at java.base/java.util.Objects.requireNonNull(Objects.java:208)
	at org.openqa.selenium.interactions.Actions.<init>(Actions.java:65)
	at Basepackage.Baseclass.move(Baseclass.java:47)
	at Mainclass.Main.signout(Main.java:153)
... Removed 24 stack frames]]>
    </failure>
  </testcase> <!-- signout -->
</testsuite> <!-- Default test(failed) -->
